2025.10.17 07:21:34 INFO  no build target found for C:\Users\josem\OneDrive\Escritorio\UNIVERSIDAD\5to Semestre\Compunet\Tarea-Chat\TCP\client\src\main\java\Client.java. Using fallback presentation compiler.
2025.10.17 07:21:39 INFO  no build target found for C:\Users\josem\OneDrive\Escritorio\UNIVERSIDAD\5to Semestre\Compunet\Tarea-Chat\TCP\client\src\main\java\Client.java. Using fallback presentation compiler.
2025.10.17 07:22:06 INFO  no build target found for C:\Users\josem\OneDrive\Escritorio\UNIVERSIDAD\5to Semestre\Compunet\Tarea-Chat\TCP\client\src\main\java\Client.java. Using fallback presentation compiler.
2025.10.17 07:22:06 INFO  no build target found for C:\Users\josem\OneDrive\Escritorio\UNIVERSIDAD\5to Semestre\Compunet\Tarea-Chat\TCP\client\src\main\java\Client.java. Using fallback presentation compiler.
2025.10.17 07:22:06 INFO  no build target found for C:\Users\josem\OneDrive\Escritorio\UNIVERSIDAD\5to Semestre\Compunet\Tarea-Chat\TCP\client\src\main\java\Client.java. Using fallback presentation compiler.
2025.10.17 07:22:06 INFO  no build target found for C:\Users\josem\OneDrive\Escritorio\UNIVERSIDAD\5to Semestre\Compunet\Tarea-Chat\TCP\client\src\main\java\Client.java. Using fallback presentation compiler.
oct 17, 2025 7:22:06 A. M. org.eclipse.lsp4j.jsonrpc.RemoteEndpoint handleCancellation
WARNING: Unmatched cancel notification for request id 12
oct 17, 2025 7:22:06 A. M. org.eclipse.lsp4j.jsonrpc.RemoteEndpoint handleCancellation
WARNING: Unmatched cancel notification for request id 14
2025.10.17 07:22:46 INFO  no build target found for C:\Users\josem\OneDrive\Escritorio\UNIVERSIDAD\5to Semestre\Compunet\Tarea-Chat\TCP\client\src\main\java\Client.java. Using fallback presentation compiler.
2025.10.17 07:22:48 INFO  no build target found for C:\Users\josem\OneDrive\Escritorio\UNIVERSIDAD\5to Semestre\Compunet\Tarea-Chat\TCP\client\src\main\java\Client.java. Using fallback presentation compiler.
2025.10.17 07:25:17 INFO  no build target found for C:\Users\josem\OneDrive\Escritorio\UNIVERSIDAD\5to Semestre\Compunet\Tarea-Chat\TCP\client\src\main\java\Client.java. Using fallback presentation compiler.
2025.10.17 07:25:28 INFO  no build target found for C:\Users\josem\OneDrive\Escritorio\UNIVERSIDAD\5to Semestre\Compunet\Tarea-Chat\TCP\client\src\main\java\Client.java. Using fallback presentation compiler.
2025.10.17 07:25:28 INFO  no build target found for C:\Users\josem\OneDrive\Escritorio\UNIVERSIDAD\5to Semestre\Compunet\Tarea-Chat\TCP\client\src\main\java\Client.java. Using fallback presentation compiler.
2025.10.17 07:25:28 INFO  Shutting down server
2025.10.17 07:25:28 INFO  shutting down Metals
2025.10.17 07:25:28 INFO  Exiting server
2025.10.17 07:25:28 ERROR Unexpected error initializing server: 
org.eclipse.lsp4j.jsonrpc.ResponseErrorException: Request window/showMessageRequest failed with message: Canceled
	at org.eclipse.lsp4j.jsonrpc.RemoteEndpoint.handleResponse(RemoteEndpoint.java:220)
	at org.eclipse.lsp4j.jsonrpc.RemoteEndpoint.consume(RemoteEndpoint.java:204)
	at org.eclipse.lsp4j.jsonrpc.json.StreamMessageProducer.handleMessage(StreamMessageProducer.java:185)
	at org.eclipse.lsp4j.jsonrpc.json.StreamMessageProducer.listen(StreamMessageProducer.java:97)
	at org.eclipse.lsp4j.jsonrpc.json.ConcurrentMessageProcessor.run(ConcurrentMessageProcessor.java:114)
	at java.util.concurrent.Executors$RunnableAdapter.call(Executors.java:572)
	at java.util.concurrent.FutureTask.run(FutureTask.java:317)
	at java.util.concurrent.ThreadPoolExecutor.runWorker(ThreadPoolExecutor.java:1144)
	at java.util.concurrent.ThreadPoolExecutor$Worker.run(ThreadPoolExecutor.java:642)
	at java.lang.Thread.run(Thread.java:1583)

